#
# There is insufficient memory for the Java Runtime Environment to continue.
# Native memory allocation (malloc) failed to allocate 32744 bytes for ChunkPool::allocate
# Possible reasons:
#   The system is out of physical RAM or swap space
#   In 32 bit mode, the process size limit was hit
# Possible solutions:
#   Reduce memory load on the system
#   Increase physical memory or swap space
#   Check if swap backing store is full
#   Use 64 bit Java on a 64 bit OS
#   Decrease Java heap size (-Xmx/-Xms)
#   Decrease number of Java threads
#   Decrease Java thread stack sizes (-Xss)
#   Set larger code cache with -XX:ReservedCodeCacheSize=
# This output file may be truncated or incomplete.
#
#  Out of Memory Error (allocation.cpp:273), pid=5760, tid=0x000000000000327c
#
# JRE version: Java(TM) SE Runtime Environment (8.0_181-b13) (build 1.8.0_181-b13)
# Java VM: Java HotSpot(TM) 64-Bit Server VM (25.181-b13 mixed mode windows-amd64 compressed oops)
# Failed to write core dump. Minidumps are not enabled by default on client versions of Windows
#

---------------  T H R E A D  ---------------

Current thread (0x0000000016eb4800):  JavaThread "C2 CompilerThread1" daemon [_thread_in_native, id=12924, stack(0x00000000185f0000,0x00000000186f0000)]

Stack: [0x00000000185f0000,0x00000000186f0000]
[error occurred during error reporting (printing stack bounds), id 0xc0000005]

Native frames: (J=compiled Java code, j=interpreted, Vv=VM code, C=native code)


Current CompileTask:
C2:  60824 7222       4       java.net.URLClassLoader$1::run (5 bytes)


---------------  P R O C E S S  ---------------

Java Threads: ( => current thread )
  0x000000001f128800 JavaThread "qtp515482607-22" [_thread_blocked, id=11680, stack(0x000000002e5f0000,0x000000002e6f0000)]
  0x0000000023b30800 JavaThread "qtp515482607-21" [_thread_blocked, id=13012, stack(0x000000002e4f0000,0x000000002e5f0000)]
  0x000000002b5c2800 JavaThread "qtp515482607-20" [_thread_blocked, id=3984, stack(0x000000002e3f0000,0x000000002e4f0000)]
  0x0000000026299800 JavaThread "qtp515482607-19" [_thread_blocked, id=2364, stack(0x000000002e2f0000,0x000000002e3f0000)]
  0x00000000227be800 JavaThread "qtp515482607-18 Acceptor0 SelectChannelConnector@0.0.0.0:8080" [_thread_in_native, id=11668, stack(0x000000002e1f0000,0x000000002e2f0000)]
  0x000000001a398800 JavaThread "qtp515482607-17" [_thread_blocked, id=1788, stack(0x000000002e0f0000,0x000000002e1f0000)]
  0x000000001b54a000 JavaThread "qtp515482607-16" [_thread_blocked, id=14296, stack(0x0000000024b00000,0x0000000024c00000)]
  0x000000002aa19800 JavaThread "qtp515482607-15 Selector0" [_thread_in_native, id=2908, stack(0x0000000023990000,0x0000000023a90000)]
  0x0000000022f13800 JavaThread "HashSessionScavenger-0" daemon [_thread_blocked, id=8788, stack(0x000000001d340000,0x000000001d440000)]
  0x000000001881a800 JavaThread "Service Thread" daemon [_thread_blocked, id=12088, stack(0x0000000018bf0000,0x0000000018cf0000)]
  0x0000000016ebc000 JavaThread "C1 CompilerThread2" daemon [_thread_blocked, id=9444, stack(0x00000000186f0000,0x00000000187f0000)]
=>0x0000000016eb4800 JavaThread "C2 CompilerThread1" daemon [_thread_in_native, id=12924, stack(0x00000000185f0000,0x00000000186f0000)]
  0x0000000016eb0800 JavaThread "C2 CompilerThread0" daemon [_thread_in_native, id=9624, stack(0x00000000184f0000,0x00000000185f0000)]
  0x0000000016ead000 JavaThread "Attach Listener" daemon [_thread_blocked, id=13484, stack(0x00000000183f0000,0x00000000184f0000)]
  0x0000000016eab800 JavaThread "Signal Dispatcher" daemon [_thread_blocked, id=7496, stack(0x00000000182f0000,0x00000000183f0000)]
  0x000000000227b000 JavaThread "Finalizer" daemon [_thread_blocked, id=12308, stack(0x0000000018100000,0x0000000018200000)]
  0x0000000002272000 JavaThread "Reference Handler" daemon [_thread_blocked, id=10764, stack(0x0000000018000000,0x0000000018100000)]
  0x000000000235e000 JavaThread "main" [_thread_blocked, id=8992, stack(0x0000000002020000,0x0000000002120000)]

Other Threads:
  0x0000000016e77800 VMThread [stack: 0x0000000017f00000,0x0000000018000000] [id=9872]
  0x000000001881c000 WatcherThread [stack: 0x0000000018cf0000,0x0000000018df0000] [id=13160]

VM state:not at safepoint (normal execution)

VM Mutex/Monitor currently owned by a thread: None

Heap:
 PSYoungGen      total 296960K, used 68190K [0x00000000d5d80000, 0x00000000eff80000, 0x0000000100000000)
  eden space 251392K, 27% used [0x00000000d5d80000,0x00000000da0179b8,0x00000000e5300000)
  from space 45568K, 0% used [0x00000000e5300000,0x00000000e5300000,0x00000000e7f80000)
  to   space 45056K, 0% used [0x00000000ed380000,0x00000000ed380000,0x00000000eff80000)
 ParOldGen       total 141312K, used 27779K [0x0000000081800000, 0x000000008a200000, 0x00000000d5d80000)
  object space 141312K, 19% used [0x0000000081800000,0x0000000083320f58,0x000000008a200000)
 Metaspace       used 51919K, capacity 52716K, committed 52864K, reserved 1095680K
  class space    used 6301K, capacity 6516K, committed 6528K, reserved 1048576K

Card table byte_map: [0x0000000011720000,0x0000000011b20000] byte_map_base: 0x0000000011314000

Marking Bits: (ParMarkBitMap*) 0x00000000558e2d00
 Begin Bits: [0x00000000121d0000, 0x0000000014170000)
 End Bits:   [0x0000000014170000, 0x0000000016110000)

Polling page: 0x00000000007b0000

CodeCache: size=245760Kb used=21007Kb max_used=21747Kb free=224752Kb
 bounds [0x0000000002360000, 0x00000000038f0000, 0x0000000011360000]
 total_blobs=6612 nmethods=6096 adapters=428
 compilation: enabled

Compilation events (10 events):
Event: 60.573 Thread 0x0000000016ebc000 7253       3       com.fasterxml.jackson.databind.cfg.MapperConfig::isEnabled (18 bytes)
Event: 60.573 Thread 0x0000000016ebc000 nmethod 7253 0x00000000026f9b10 code [0x00000000026f9c60, 0x00000000026f9eb0]
Event: 60.574 Thread 0x0000000016ebc000 7254       1       com.fasterxml.jackson.databind.JavaType::getRawClass (5 bytes)
Event: 60.574 Thread 0x0000000016ebc000 nmethod 7254 0x00000000030f7210 code [0x00000000030f7360, 0x00000000030f7470]
Event: 60.575 Thread 0x0000000016ebc000 7252       3       com.fasterxml.jackson.databind.introspect.MemberKey::hashCode (14 bytes)
Event: 60.575 Thread 0x0000000016ebc000 nmethod 7252 0x00000000026acd50 code [0x00000000026acec0, 0x00000000026ad0e8]
Event: 60.616 Thread 0x0000000016ebc000 7255       3       java.lang.ThreadLocal$ThreadLocalMap::getEntry (42 bytes)
Event: 60.616 Thread 0x0000000016ebc000 nmethod 7255 0x000000000272e010 code [0x000000000272e180, 0x000000000272e468]
Event: 60.622 Thread 0x0000000016ebc000 7256       3       org.eclipse.jetty.io.nio.SelectorManager::access$100 (4 bytes)
Event: 60.623 Thread 0x0000000016ebc000 nmethod 7256 0x0000000002abd3d0 code [0x0000000002abd520, 0x0000000002abd650]

GC Heap History (10 events):
Event: 12.513 GC heap before
{Heap before GC invocations=10 (full 1):
 PSYoungGen      total 209408K, used 209404K [0x00000000d5d80000, 0x00000000e6480000, 0x0000000100000000)
  eden space 192512K, 100% used [0x00000000d5d80000,0x00000000e1980000,0x00000000e1980000)
  from space 16896K, 99% used [0x00000000e3680000,0x00000000e46ff0a8,0x00000000e4700000)
  to   space 29696K, 0% used [0x00000000e1980000,0x00000000e1980000,0x00000000e3680000)
 ParOldGen       total 64000K, used 44956K [0x0000000081800000, 0x0000000085680000, 0x00000000d5d80000)
  object space 64000K, 70% used [0x0000000081800000,0x00000000843e7188,0x0000000085680000)
 Metaspace       used 26785K, capacity 27270K, committed 27648K, reserved 1073152K
  class space    used 3086K, capacity 3230K, committed 3328K, reserved 1048576K
Event: 12.614 GC heap after
Heap after GC invocations=10 (full 1):
 PSYoungGen      total 222208K, used 29672K [0x00000000d5d80000, 0x00000000ebc00000, 0x0000000100000000)
  eden space 192512K, 0% used [0x00000000d5d80000,0x00000000d5d80000,0x00000000e1980000)
  from space 29696K, 99% used [0x00000000e1980000,0x00000000e367a320,0x00000000e3680000)
  to   space 47616K, 0% used [0x00000000e8d80000,0x00000000e8d80000,0x00000000ebc00000)
 ParOldGen       total 77312K, used 76864K [0x0000000081800000, 0x0000000086380000, 0x00000000d5d80000)
  object space 77312K, 99% used [0x0000000081800000,0x0000000086310398,0x0000000086380000)
 Metaspace       used 26785K, capacity 27270K, committed 27648K, reserved 1073152K
  class space    used 3086K, capacity 3230K, committed 3328K, reserved 1048576K
}
Event: 12.614 GC heap before
{Heap before GC invocations=11 (full 2):
 PSYoungGen      total 222208K, used 29672K [0x00000000d5d80000, 0x00000000ebc00000, 0x0000000100000000)
  eden space 192512K, 0% used [0x00000000d5d80000,0x00000000d5d80000,0x00000000e1980000)
  from space 29696K, 99% used [0x00000000e1980000,0x00000000e367a320,0x00000000e3680000)
  to   space 47616K, 0% used [0x00000000e8d80000,0x00000000e8d80000,0x00000000ebc00000)
 ParOldGen       total 77312K, used 76864K [0x0000000081800000, 0x0000000086380000, 0x00000000d5d80000)
  object space 77312K, 99% used [0x0000000081800000,0x0000000086310398,0x0000000086380000)
 Metaspace       used 26785K, capacity 27270K, committed 27648K, reserved 1073152K
  class space    used 3086K, capacity 3230K, committed 3328K, reserved 1048576K
Event: 12.810 GC heap after
Heap after GC invocations=11 (full 2):
 PSYoungGen      total 222208K, used 961K [0x00000000d5d80000, 0x00000000ebc00000, 0x0000000100000000)
  eden space 192512K, 0% used [0x00000000d5d80000,0x00000000d5d80000,0x00000000e1980000)
  from space 29696K, 3% used [0x00000000e1980000,0x00000000e1a706c8,0x00000000e3680000)
  to   space 47616K, 0% used [0x00000000e8d80000,0x00000000e8d80000,0x00000000ebc00000)
 ParOldGen       total 171520K, used 77092K [0x0000000081800000, 0x000000008bf80000, 0x00000000d5d80000)
  object space 171520K, 44% used [0x0000000081800000,0x00000000863491e8,0x000000008bf80000)
 Metaspace       used 26785K, capacity 27270K, committed 27648K, reserved 1073152K
  class space    used 3086K, capacity 3230K, committed 3328K, reserved 1048576K
}
Event: 16.549 GC heap before
{Heap before GC invocations=12 (full 2):
 PSYoungGen      total 222208K, used 193473K [0x00000000d5d80000, 0x00000000ebc00000, 0x0000000100000000)
  eden space 192512K, 100% used [0x00000000d5d80000,0x00000000e1980000,0x00000000e1980000)
  from space 29696K, 3% used [0x00000000e1980000,0x00000000e1a706c8,0x00000000e3680000)
  to   space 47616K, 0% used [0x00000000e8d80000,0x00000000e8d80000,0x00000000ebc00000)
 ParOldGen       total 171520K, used 77092K [0x0000000081800000, 0x000000008bf80000, 0x00000000d5d80000)
  object space 171520K, 44% used [0x0000000081800000,0x00000000863491e8,0x000000008bf80000)
 Metaspace       used 44528K, capacity 45310K, committed 45568K, reserved 1089536K
  class space    used 5411K, capacity 5627K, committed 5632K, reserved 1048576K
Event: 16.579 GC heap after
Heap after GC invocations=12 (full 2):
 PSYoungGen      total 282624K, used 21317K [0x00000000d5d80000, 0x00000000eac00000, 0x0000000100000000)
  eden space 251392K, 0% used [0x00000000d5d80000,0x00000000d5d80000,0x00000000e5300000)
  from space 31232K, 68% used [0x00000000e8d80000,0x00000000ea2515c8,0x00000000eac00000)
  to   space 45568K, 0% used [0x00000000e5300000,0x00000000e5300000,0x00000000e7f80000)
 ParOldGen       total 171520K, used 77108K [0x0000000081800000, 0x000000008bf80000, 0x00000000d5d80000)
  object space 171520K, 44% used [0x0000000081800000,0x000000008634d1e8,0x000000008bf80000)
 Metaspace       used 44528K, capacity 45310K, committed 45568K, reserved 1089536K
  class space    used 5411K, capacity 5627K, committed 5632K, reserved 1048576K
}
Event: 16.798 GC heap before
{Heap before GC invocations=13 (full 2):
 PSYoungGen      total 282624K, used 37912K [0x00000000d5d80000, 0x00000000eac00000, 0x0000000100000000)
  eden space 251392K, 6% used [0x00000000d5d80000,0x00000000d6db4b40,0x00000000e5300000)
  from space 31232K, 68% used [0x00000000e8d80000,0x00000000ea2515c8,0x00000000eac00000)
  to   space 45568K, 0% used [0x00000000e5300000,0x00000000e5300000,0x00000000e7f80000)
 ParOldGen       total 171520K, used 77108K [0x0000000081800000, 0x000000008bf80000, 0x00000000d5d80000)
  object space 171520K, 44% used [0x0000000081800000,0x000000008634d1e8,0x000000008bf80000)
 Metaspace       used 45195K, capacity 45974K, committed 46080K, reserved 1089536K
  class space    used 5501K, capacity 5743K, committed 5760K, reserved 1048576K
Event: 16.810 GC heap after
Heap after GC invocations=13 (full 2):
 PSYoungGen      total 296960K, used 6219K [0x00000000d5d80000, 0x00000000eff80000, 0x0000000100000000)
  eden space 251392K, 0% used [0x00000000d5d80000,0x00000000d5d80000,0x00000000e5300000)
  from space 45568K, 13% used [0x00000000e5300000,0x00000000e5912c60,0x00000000e7f80000)
  to   space 45056K, 0% used [0x00000000ed380000,0x00000000ed380000,0x00000000eff80000)
 ParOldGen       total 171520K, used 77949K [0x0000000081800000, 0x000000008bf80000, 0x00000000d5d80000)
  object space 171520K, 45% used [0x0000000081800000,0x000000008641f548,0x000000008bf80000)
 Metaspace       used 45195K, capacity 45974K, committed 46080K, reserved 1089536K
  class space    used 5501K, capacity 5743K, committed 5760K, reserved 1048576K
}
Event: 16.810 GC heap before
{Heap before GC invocations=14 (full 3):
 PSYoungGen      total 296960K, used 6219K [0x00000000d5d80000, 0x00000000eff80000, 0x0000000100000000)
  eden space 251392K, 0% used [0x00000000d5d80000,0x00000000d5d80000,0x00000000e5300000)
  from space 45568K, 13% used [0x00000000e5300000,0x00000000e5912c60,0x00000000e7f80000)
  to   space 45056K, 0% used [0x00000000ed380000,0x00000000ed380000,0x00000000eff80000)
 ParOldGen       total 171520K, used 77949K [0x0000000081800000, 0x000000008bf80000, 0x00000000d5d80000)
  object space 171520K, 45% used [0x0000000081800000,0x000000008641f548,0x000000008bf80000)
 Metaspace       used 45195K, capacity 45974K, committed 46080K, reserved 1089536K
  class space    used 5501K, capacity 5743K, committed 5760K, reserved 1048576K
Event: 16.960 GC heap after
Heap after GC invocations=14 (full 3):
 PSYoungGen      total 296960K, used 0K [0x00000000d5d80000, 0x00000000eff80000, 0x0000000100000000)
  eden space 251392K, 0% used [0x00000000d5d80000,0x00000000d5d80000,0x00000000e5300000)
  from space 45568K, 0% used [0x00000000e5300000,0x00000000e5300000,0x00000000e7f80000)
  to   space 45056K, 0% used [0x00000000ed380000,0x00000000ed380000,0x00000000eff80000)
 ParOldGen       total 141312K, used 27779K [0x0000000081800000, 0x000000008a200000, 0x00000000d5d80000)
  object space 141312K, 19% used [0x0000000081800000,0x0000000083320f58,0x000000008a200000)
 Metaspace       used 45195K, capacity 45974K, committed 46080K, reserved 1089536K
  class space    used 5501K, capacity 5743K, committed 5760K, reserved 1048576K
}

Deoptimization events (10 events):
Event: 60.154 Thread 0x000000001a398800 Uncommon trap: reason=unstable_if action=reinterpret pc=0x000000000291f1b8 method=java.lang.String.indexOf([CII[CIII)I @ 27
Event: 60.437 Thread 0x000000001a398800 Uncommon trap: reason=class_check action=maybe_recompile pc=0x0000000002b3d2f0 method=java.util.Collections$UnmodifiableMap$UnmodifiableEntrySet$1.next()Ljava/util/Map$Entry; @ 8
Event: 60.437 Thread 0x000000001a398800 Uncommon trap: reason=class_check action=maybe_recompile pc=0x0000000002b40000 method=java.util.Collections$UnmodifiableMap$UnmodifiableEntrySet$UnmodifiableEntry.getKey()Ljava/lang/Object; @ 4
Event: 60.437 Thread 0x000000001a398800 Uncommon trap: reason=class_check action=maybe_recompile pc=0x0000000002b3c140 method=java.util.Collections$UnmodifiableMap$UnmodifiableEntrySet$UnmodifiableEntry.getValue()Ljava/lang/Object; @ 4
Event: 60.437 Thread 0x000000001a398800 Uncommon trap: reason=class_check action=maybe_recompile pc=0x0000000002b3d2f0 method=java.util.Collections$UnmodifiableMap$UnmodifiableEntrySet$1.next()Ljava/util/Map$Entry; @ 8
Event: 60.437 Thread 0x000000001a398800 Uncommon trap: reason=class_check action=maybe_recompile pc=0x0000000002b40000 method=java.util.Collections$UnmodifiableMap$UnmodifiableEntrySet$UnmodifiableEntry.getKey()Ljava/lang/Object; @ 4
Event: 60.437 Thread 0x000000001a398800 Uncommon trap: reason=class_check action=maybe_recompile pc=0x0000000002b3c140 method=java.util.Collections$UnmodifiableMap$UnmodifiableEntrySet$UnmodifiableEntry.getValue()Ljava/lang/Object; @ 4
Event: 60.440 Thread 0x000000001a398800 Uncommon trap: reason=class_check action=maybe_recompile pc=0x0000000002b3d2f0 method=java.util.Collections$UnmodifiableMap$UnmodifiableEntrySet$1.next()Ljava/util/Map$Entry; @ 8
Event: 60.440 Thread 0x000000001a398800 Uncommon trap: reason=class_check action=maybe_recompile pc=0x0000000002b40000 method=java.util.Collections$UnmodifiableMap$UnmodifiableEntrySet$UnmodifiableEntry.getKey()Ljava/lang/Object; @ 4
Event: 60.440 Thread 0x000000001a398800 Uncommon trap: reason=class_check action=maybe_recompile pc=0x0000000002b3c140 method=java.util.Collections$UnmodifiableMap$UnmodifiableEntrySet$UnmodifiableEntry.getValue()Ljava/lang/Object; @ 4

Classes redefined (0 events):
No events

Internal exceptions (10 events):
Event: 17.406 Thread 0x000000000235e000 Exception <a 'java/lang/ClassNotFoundException': org/springframework/web/servlet/ThemeResolverCustomizer> (0x00000000d8380a20) thrown at [C:\re\workspace\8-2-build-windows-amd64-cygwin\jdk8u181\11358\hotspot\src\share\vm\classfile\systemDictionary.cpp, li
Event: 17.417 Thread 0x000000000235e000 Exception <a 'java/lang/ClassNotFoundException': org/springframework/web/servlet/view/DefaultRequestToViewNameTranslatorBeanInfo> (0x00000000d83d86a8) thrown at [C:\re\workspace\8-2-build-windows-amd64-cygwin\jdk8u181\11358\hotspot\src\share\vm\classfile\
Event: 17.418 Thread 0x000000000235e000 Exception <a 'java/lang/ClassNotFoundException': org/springframework/web/servlet/view/DefaultRequestToViewNameTranslatorCustomizer> (0x00000000d83f9520) thrown at [C:\re\workspace\8-2-build-windows-amd64-cygwin\jdk8u181\11358\hotspot\src\share\vm\classfil
Event: 17.419 Thread 0x000000000235e000 Exception <a 'java/lang/ClassNotFoundException': org/springframework/web/servlet/RequestToViewNameTranslatorCustomizer> (0x00000000d8429b70) thrown at [C:\re\workspace\8-2-build-windows-amd64-cygwin\jdk8u181\11358\hotspot\src\share\vm\classfile\systemDict
Event: 17.424 Thread 0x000000000235e000 Exception <a 'java/lang/ClassNotFoundException': org/springframework/web/servlet/support/SessionFlashMapManagerBeanInfo> (0x00000000d8471880) thrown at [C:\re\workspace\8-2-build-windows-amd64-cygwin\jdk8u181\11358\hotspot\src\share\vm\classfile\systemDic
Event: 17.425 Thread 0x000000000235e000 Exception <a 'java/lang/ClassNotFoundException': org/springframework/web/servlet/support/AbstractFlashMapManagerBeanInfo> (0x00000000d8490e88) thrown at [C:\re\workspace\8-2-build-windows-amd64-cygwin\jdk8u181\11358\hotspot\src\share\vm\classfile\systemDi
Event: 17.426 Thread 0x000000000235e000 Exception <a 'java/lang/ClassNotFoundException': org/springframework/web/servlet/support/AbstractFlashMapManagerCustomizer> (0x00000000d84b0540) thrown at [C:\re\workspace\8-2-build-windows-amd64-cygwin\jdk8u181\11358\hotspot\src\share\vm\classfile\system
Event: 17.427 Thread 0x000000000235e000 Exception <a 'java/lang/ClassNotFoundException': org/springframework/web/servlet/support/SessionFlashMapManagerCustomizer> (0x00000000d84d72c8) thrown at [C:\re\workspace\8-2-build-windows-amd64-cygwin\jdk8u181\11358\hotspot\src\share\vm\classfile\systemD
Event: 17.428 Thread 0x000000000235e000 Exception <a 'java/lang/ClassNotFoundException': org/springframework/web/servlet/FlashMapManagerCustomizer> (0x00000000d84f5d70) thrown at [C:\re\workspace\8-2-build-windows-amd64-cygwin\jdk8u181\11358\hotspot\src\share\vm\classfile\systemDictionary.cpp, 
Event: 59.874 Thread 0x000000001a398800 Implicit null exception at 0x00000000038bca0b to 0x00000000038c7425

Events (10 events):
Event: 60.615 loading class sun/nio/ch/IOVecWrapper
Event: 60.615 loading class sun/nio/ch/IOVecWrapper done
Event: 60.615 loading class sun/nio/ch/IOVecWrapper$Deallocator
Event: 60.615 loading class sun/nio/ch/IOVecWrapper$Deallocator done
Event: 60.621 Executing VM operation: RevokeBias
Event: 60.621 Executing VM operation: RevokeBias done
Event: 60.621 Executing VM operation: RevokeBias
Event: 60.621 Executing VM operation: RevokeBias done
Event: 60.622 Executing VM operation: RevokeBias
Event: 60.622 Executing VM operation: RevokeBias done


Dynamic libraries:
0x00007ff72b990000 - 0x00007ff72b9c7000 	C:\Program Files\Java\jdk1.8.0_181\bin\java.exe
0x00007ffeb0830000 - 0x00007ffeb0a11000 	C:\Windows\SYSTEM32\ntdll.dll
0x00007ffe9ccb0000 - 0x00007ffe9cce4000 	C:\Program Files\AVAST Software\Avast\x64\aswhooka.dll
0x00007ffeb03d0000 - 0x00007ffeb0482000 	C:\Windows\System32\KERNEL32.DLL
0x00007ffead0c0000 - 0x00007ffead333000 	C:\Windows\System32\KERNELBASE.dll
0x00007ffeb04a0000 - 0x00007ffeb0541000 	C:\Windows\System32\ADVAPI32.dll
0x00007ffeaf9f0000 - 0x00007ffeafa8e000 	C:\Windows\System32\msvcrt.dll
0x00007ffeb07a0000 - 0x00007ffeb07fb000 	C:\Windows\System32\sechost.dll
0x00007ffeaf360000 - 0x00007ffeaf484000 	C:\Windows\System32\RPCRT4.dll
0x00007ffeadcc0000 - 0x00007ffeade50000 	C:\Windows\System32\USER32.dll
0x00007ffeacf50000 - 0x00007ffeacf70000 	C:\Windows\System32\win32u.dll
0x00007ffeaffc0000 - 0x00007ffeaffe8000 	C:\Windows\System32\GDI32.dll
0x00007ffeaccb0000 - 0x00007ffeace42000 	C:\Windows\System32\gdi32full.dll
0x00007ffead020000 - 0x00007ffead0bf000 	C:\Windows\System32\msvcp_win.dll
0x00007ffeace50000 - 0x00007ffeacf4a000 	C:\Windows\System32\ucrtbase.dll
0x00007ffe9d390000 - 0x00007ffe9d5f9000 	C:\Windows\WinSxS\amd64_microsoft.windows.common-controls_6595b64144ccf1df_6.0.17134.228_none_fb4599993062b194\COMCTL32.dll
0x00007ffeafab0000 - 0x00007ffeafdd3000 	C:\Windows\System32\combase.dll
0x00007ffead530000 - 0x00007ffead5aa000 	C:\Windows\System32\bcryptPrimitives.dll
0x00007ffeaf490000 - 0x00007ffeaf4bd000 	C:\Windows\System32\IMM32.DLL
0x0000000056190000 - 0x0000000056262000 	C:\Program Files\Java\jdk1.8.0_181\jre\bin\msvcr100.dll
0x00000000550c0000 - 0x0000000055962000 	C:\Program Files\Java\jdk1.8.0_181\jre\bin\server\jvm.dll
0x00007ffeaf530000 - 0x00007ffeaf538000 	C:\Windows\System32\PSAPI.DLL
0x00007ffe99370000 - 0x00007ffe99379000 	C:\Windows\SYSTEM32\WSOCK32.dll
0x00007ffeb05d0000 - 0x00007ffeb063c000 	C:\Windows\System32\WS2_32.dll
0x00007ffea26b0000 - 0x00007ffea26d3000 	C:\Windows\SYSTEM32\WINMM.dll
0x00007ffe9f7c0000 - 0x00007ffe9f7ca000 	C:\Windows\SYSTEM32\VERSION.dll
0x00007ffea1ae0000 - 0x00007ffea1b0a000 	C:\Windows\SYSTEM32\WINMMBASE.dll
0x00007ffeacfd0000 - 0x00007ffead019000 	C:\Windows\System32\cfgmgr32.dll
0x0000000057810000 - 0x000000005781f000 	C:\Program Files\Java\jdk1.8.0_181\jre\bin\verify.dll
0x00000000577e0000 - 0x0000000057809000 	C:\Program Files\Java\jdk1.8.0_181\jre\bin\java.dll
0x00000000577c0000 - 0x00000000577d6000 	C:\Program Files\Java\jdk1.8.0_181\jre\bin\zip.dll
0x00007ffeadf20000 - 0x00007ffeaf360000 	C:\Windows\System32\SHELL32.dll
0x00007ffeb0280000 - 0x00007ffeb0329000 	C:\Windows\System32\shcore.dll
0x00007ffead5b0000 - 0x00007ffeadcbd000 	C:\Windows\System32\windows.storage.dll
0x00007ffeafde0000 - 0x00007ffeafe31000 	C:\Windows\System32\shlwapi.dll
0x00007ffeacbc0000 - 0x00007ffeacbd1000 	C:\Windows\System32\kernel.appcore.dll
0x00007ffeacbe0000 - 0x00007ffeacbff000 	C:\Windows\System32\profapi.dll
0x00007ffeacb40000 - 0x00007ffeacb8c000 	C:\Windows\System32\powrprof.dll
0x00007ffeacbb0000 - 0x00007ffeacbba000 	C:\Windows\System32\FLTLIB.DLL
0x00007ffea8620000 - 0x00007ffea862a000 	C:\Users\HP\apache-maven-3.5.4\lib\jansi-native\windows64\jansi.dll
0x00000000577a0000 - 0x00000000577ba000 	C:\Program Files\Java\jdk1.8.0_181\jre\bin\net.dll
0x00007ffeac360000 - 0x00007ffeac3c6000 	C:\Windows\system32\mswsock.dll
0x0000000056170000 - 0x0000000056181000 	C:\Program Files\Java\jdk1.8.0_181\jre\bin\nio.dll
0x00007ffeac120000 - 0x00007ffeac1de000 	C:\Windows\SYSTEM32\DNSAPI.dll
0x00007ffeaf4c0000 - 0x00007ffeaf4c8000 	C:\Windows\System32\NSI.dll
0x00007ffeac0e0000 - 0x00007ffeac118000 	C:\Windows\SYSTEM32\IPHLPAPI.DLL
0x00007ffea4af0000 - 0x00007ffea4afa000 	C:\Windows\System32\rasadhlp.dll
0x00007ffea5c30000 - 0x00007ffea5ca2000 	C:\Windows\System32\fwpuclnt.dll
0x00007ffeac640000 - 0x00007ffeac665000 	C:\Windows\SYSTEM32\bcrypt.dll
0x00007ffeac520000 - 0x00007ffeac537000 	C:\Windows\SYSTEM32\CRYPTSP.dll
0x00007ffeabf40000 - 0x00007ffeabf73000 	C:\Windows\system32\rsaenh.dll
0x00007ffeaca40000 - 0x00007ffeaca68000 	C:\Windows\SYSTEM32\USERENV.dll
0x00007ffeac510000 - 0x00007ffeac51b000 	C:\Windows\SYSTEM32\CRYPTBASE.dll
0x00007ffea63d0000 - 0x00007ffea63e6000 	C:\Windows\SYSTEM32\dhcpcsvc6.DLL
0x00007ffea6350000 - 0x00007ffea636a000 	C:\Windows\SYSTEM32\dhcpcsvc.DLL

VM Arguments:
jvm_args: -Dclassworlds.conf=C:\Users\HP\apache-maven-3.5.4\bin\..\bin\m2.conf -Dmaven.home=C:\Users\HP\apache-maven-3.5.4\bin\.. -Dlibrary.jansi.path=C:\Users\HP\apache-maven-3.5.4\bin\..\lib\jansi-native -Dmaven.multiModuleProjectDirectory=C:\Users\HP\GitHub\Clinic 
java_command: org.codehaus.plexus.classworlds.launcher.Launcher jetty:run
java_class_path (initial): C:\Users\HP\apache-maven-3.5.4\bin\..\boot\plexus-classworlds-2.5.2.jar
Launcher Type: SUN_STANDARD

Environment Variables:
JAVA_HOME=C:\Program Files\Java\jdk1.8.0_181
PATH=C:\Users\HP\apache-maven-3.5.4\bin;C:\Users\HP\AppData\Local\Microsoft\WindowsApps;C:\Users\HP\AppData\Local\GitHubDesktop\bin;C:\Users\HP\AppData\Roaming\npm;C:\Program Files\Intel\WiFi\bin\;C:\Program Files\Common Files\Intel\WirelessCommon\
USERNAME=HP
OS=Windows_NT
PROCESSOR_IDENTIFIER=Intel64 Family 6 Model 78 Stepping 3, GenuineIntel



---------------  S Y S T E M  ---------------

OS: Windows 10.0 , 64 bit Build 17134 (10.0.17134.1)

CPU:total 4 (initial active 4) (2 cores per cpu, 2 threads per core) family 6 model 78 stepping 3, cmov, cx8, fxsr, mmx, sse, sse2, sse3, ssse3, sse4.1, sse4.2, popcnt, avx, avx2, aes, clmul, erms, rtm, 3dnowpref, lzcnt, ht, tsc, tscinvbit, bmi1, bmi2, adx

Memory: 4k page, physical 8282724k(471144k free), swap 10235492k(3280k free)

vm_info: Java HotSpot(TM) 64-Bit Server VM (25.181-b13) for windows-amd64 JRE (1.8.0_181-b13), built on Jul  7 2018 04:01:33 by "java_re" with MS VC++ 10.0 (VS2010)

time: Sun Aug 19 03:05:14 2018
elapsed time: 60 seconds (0d 0h 1m 0s)

